app/build/outputs/logs/manifest-merger-debug-report.txt
-- Merging decision tree log ---
manifest
ADDED from src\main\AndroidManifest.xml:2:1-86:12
	package
		ADDED from src\main\AndroidManifest.xml:3:5-39
		INJECTED from src\main\AndroidManifest.xml
		INJECTED from src\main\AndroidManifest.xml
	android:versionName
		ADDED from src\main\AndroidManifest.xml:5:5-30
		INJECTED from src\main\AndroidManifest.xml
		INJECTED from src\main\AndroidManifest.xml
	android:versionCode
		ADDED from src\main\AndroidManifest.xml:4:5-28
		INJECTED from src\main\AndroidManifest.xml
		INJECTED from src\main\AndroidManifest.xml
	xmlns:android
		ADDED from src\main\AndroidManifest.xml:2:11-69
uses-sdk
ADDED from src\main\AndroidManifest.xml:7:5-9:41
MERGED from [CSMA:appLib:unspecified] AndroidManifest.xml:7:5-9:41
MERGED from [com.android.support:support-v13:23.1.1] AndroidManifest.xml:20:5-44
MERGED from [com.android.support:support-v4:23.1.1] AndroidManifest.xml:20:5-43
MERGED from [com.android.support:appcompat-v7:23.1.1] AndroidManifest.xml:20:5-43
	android:targetSdkVersion
		ADDED from src\main\AndroidManifest.xml:9:9-38
		INJECTED from src\main\AndroidManifest.xml
		INJECTED from src\main\AndroidManifest.xml
	android:minSdkVersion
		ADDED from src\main\AndroidManifest.xml:8:9-35
		INJECTED from src\main\AndroidManifest.xml
		INJECTED from src\main\AndroidManifest.xml
uses-permission#android.permission.WRITE_EXTERNAL_STORAGE
ADDED from src\main\AndroidManifest.xml:11:5-81
MERGED from [CSMA:appLib:unspecified] AndroidManifest.xml:12:5-81
	android:name
		ADDED from src\main\AndroidManifest.xml:11:22-78
uses-permission#android.permission.READ_EXTERNAL_STORAGE
ADDED from src\main\AndroidManifest.xml:12:5-80
	android:name
		ADDED from src\main\AndroidManifest.xml:12:22-77
uses-permission#android.permission.CALL_PHONE
ADDED from src\main\AndroidManifest.xml:14:5-69
	android:name
		ADDED from src\main\AndroidManifest.xml:14:22-66
uses-permission#android.permission.READ_PHONE_STATE
ADDED from src\main\AndroidManifest.xml:15:5-75
	android:name
		ADDED from src\main\AndroidManifest.xml:15:22-72
application
ADDED from src\main\AndroidManifest.xml:17:5-84:19
MERGED from [CSMA:appLib:unspecified] AndroidManifest.xml:16:5-19:19
MERGED from [com.android.support:support-v13:23.1.1] AndroidManifest.xml:22:5-20
MERGED from [com.android.support:support-v4:23.1.1] AndroidManifest.xml:22:5-20
MERGED from [com.android.support:appcompat-v7:23.1.1] AndroidManifest.xml:22:5-20
	android:label
		ADDED from src\main\AndroidManifest.xml:21:9-41
	android:allowBackup
		ADDED from src\main\AndroidManifest.xml:19:9-35
	android:icon
		ADDED from src\main\AndroidManifest.xml:20:9-45
	android:theme
		ADDED from src\main\AndroidManifest.xml:22:9-40
	android:name
		ADDED from src\main\AndroidManifest.xml:18:9-28
activity#com.weicent.android.csma.ui.MainActivity
ADDED from src\main\AndroidManifest.xml:23:9-31:20
	android:label
		ADDED from src\main\AndroidManifest.xml:25:13-45
	android:name
		ADDED from src\main\AndroidManifest.xml:24:13-44
intent-filter#android.intent.action.MAIN+android.intent.category.LAUNCHER
ADDED from src\main\AndroidManifest.xml:26:13-30:29
action#android.intent.action.MAIN
ADDED from src\main\AndroidManifest.xml:27:17-69
	android:name
		ADDED from src\main\AndroidManifest.xml:27:25-66
category#android.intent.category.LAUNCHER
ADDED from src\main\AndroidManifest.xml:29:17-77
	android:name
		ADDED from src\main\AndroidManifest.xml:29:27-74
activity#com.weicent.android.csma.ui.add.BuysAddActivity
ADDED from src\main\AndroidManifest.xml:32:9-34:63
	android:label
		ADDED from src\main\AndroidManifest.xml:34:13-60
	android:name
		ADDED from src\main\AndroidManifest.xml:33:13-51
activity#com.weicent.android.csma.ui.detail.CommodityDetailActivity
ADDED from src\main\AndroidManifest.xml:35:9-37:71
	android:label
		ADDED from src\main\AndroidManifest.xml:37:13-68
	android:name
		ADDED from src\main\AndroidManifest.xml:36:13-62
activity#com.weicent.android.csma.ui.list.CommodityListActivity
ADDED from src\main\AndroidManifest.xml:38:9-40:69
	android:label
		ADDED from src\main\AndroidManifest.xml:40:13-66
	android:name
		ADDED from src\main\AndroidManifest.xml:39:13-58
activity#com.weicent.android.csma.ui.LoginActivity
ADDED from src\main\AndroidManifest.xml:41:9-43:60
	android:label
		ADDED from src\main\AndroidManifest.xml:43:13-57
	android:name
		ADDED from src\main\AndroidManifest.xml:42:13-45
activity#com.weicent.android.csma.ui.SignActivity
ADDED from src\main\AndroidManifest.xml:44:9-47:20
	android:label
		ADDED from src\main\AndroidManifest.xml:46:13-56
	android:name
		ADDED from src\main\AndroidManifest.xml:45:13-44
activity#com.weicent.android.csma.ui.list.DepartmentsListActivity
ADDED from src\main\AndroidManifest.xml:48:9-51:20
	android:label
		ADDED from src\main\AndroidManifest.xml:50:13-68
	android:name
		ADDED from src\main\AndroidManifest.xml:49:13-60
activity#com.weicent.android.csma.ui.list.ProfessionListActivity
ADDED from src\main\AndroidManifest.xml:52:9-55:20
	android:label
		ADDED from src\main\AndroidManifest.xml:54:13-67
	android:name
		ADDED from src\main\AndroidManifest.xml:53:13-59
activity#com.weicent.android.csma.ui.detail.UsersDetailActivity
ADDED from src\main\AndroidManifest.xml:56:9-59:20
	android:label
		ADDED from src\main\AndroidManifest.xml:58:13-64
	android:name
		ADDED from src\main\AndroidManifest.xml:57:13-58
activity#com.weicent.android.csma.ui.AboutActivity
ADDED from src\main\AndroidManifest.xml:60:9-63:20
	android:label
		ADDED from src\main\AndroidManifest.xml:62:13-57
	android:name
		ADDED from src\main\AndroidManifest.xml:61:13-45
activity#com.weicent.android.csma.ui.list.CommodityList1Activity
ADDED from src\main\AndroidManifest.xml:64:9-67:20
	android:label
		ADDED from src\main\AndroidManifest.xml:66:13-67
	android:name
		ADDED from src\main\AndroidManifest.xml:65:13-59
activity#com.weicent.android.csma.ui.list.BuysListActivity
ADDED from src\main\AndroidManifest.xml:68:9-71:20
	android:label
		ADDED from src\main\AndroidManifest.xml:70:13-61
	android:name
		ADDED from src\main\AndroidManifest.xml:69:13-53
activity#com.weicent.android.csma.ui.add.CommodityAddActivity
ADDED from src\main\AndroidManifest.xml:72:9-75:20
	android:label
		ADDED from src\main\AndroidManifest.xml:74:13-65
	android:name
		ADDED from src\main\AndroidManifest.xml:73:13-56
activity#com.weicent.android.csma.ui.other.CropImageActivity
ADDED from src\main\AndroidManifest.xml:76:9-79:20
	android:label
		ADDED from src\main\AndroidManifest.xml:78:13-62
	android:name
		ADDED from src\main\AndroidManifest.xml:77:13-55
activity#com.weicent.android.csma.ui.list.CategoryListActivity
ADDED from src\main\AndroidManifest.xml:80:9-83:20
	android:label
		ADDED from src\main\AndroidManifest.xml:82:13-65
	android:name
		ADDED from src\main\AndroidManifest.xml:81:13-57
uses-permission#android.permission.INTERNET
ADDED from [CSMA:appLib:unspecified] AndroidManifest.xml:11:5-67
	android:name
		ADDED from [CSMA:appLib:unspecified] AndroidManifest.xml:11:22-64
uses-permission#android.permission.BLUETOOTH
ADDED from [CSMA:appLib:unspecified] AndroidManifest.xml:13:5-68
	android:name
		ADDED from [CSMA:appLib:unspecified] AndroidManifest.xml:13:22-65
uses-permission#android.permission.BLUETOOTH_ADMIN
ADDED from [CSMA:appLib:unspecified] AndroidManifest.xml:14:5-74
	android:name
		ADDED from [CSMA:appLib:unspecified] AndroidManifest.xml:14:22-71